[FABRIC:MT] Fabric Engine version 2.0.0-auto-2015090910
[FABRIC:MT] Loading DFG presets from w:\development\fabric\distros\win64\2.0.20150909.105847\Presets\DFG
[FABRIC:MT] Registered extensions {RiggingToolbox,RiggingToolbox:0.0.1,RiggingToolbox:2.0.0,AlembicAsset:0.1.0,FabricArnold:0.0.1,FabricArnold:0.0.2,FabricArnold:0.0.3,FabricArnold:0.0.4,FabricArnold:0.0.5,HairLines:0.1.0,HairLinesToArnold:0.1.0,JiggleMush:0.1.0,KLProcedural:0.0.1,FabricInterfaces,PsyUtil:0.1.0,SpliceInterfaces,Scatter:0.1.0,PsyopPresetExt:0.1.0} in directory: w:\development\fabric\psyop_addons
[FABRIC:MT] Registered extensions {Alembic:1.0.0,AlembicWrapper:1.2.0,Animation:1.1.0,Bullet:1.0.1,BulletHelpers:1.0.0,Characters:1.1.0,Containers:1.1.0,DFGHelpers,FabricInterfaces:1.0.1,FabricSynchronization:1.1.0,Fbx:1.1.0,FbxHelpers:1.0.2,FileIO:1.2.0,Geometry:1.2.0,Images:1.0.2,InlineDrawing:1.2.0,JSON:1.0.0,Manipulation:1.1.0,Math:1.2.0,FabricOBJ:1.1.0,FabricOGL:1.0.0,OpenImageIO:1.0.2,OSOGL:1.1.0,Parameters:1.0.0,Singletons:1.1.0,FabricStatistics:1.1.0,Util:1.1.0} in directory: w:\development\fabric\distros\win64\2.0.20150909.105847\Exts
[FABRIC:MT] IRCache: Not pruning since last prune was less than 24 hours ago
[FABRIC:MT] Loaded extension Singletons in 11.156ms (cached)
[FABRIC:MT] Loaded extension Math in 142.775ms (cached)
[FABRIC:MT] Loaded extension Parameters in 130.552ms (cached)
[FABRIC:MT] Loaded extension FabricSynchronization in 44.337ms (cached)
[FABRIC:MT] Loaded extension FabricStatistics in 38.961ms (cached)
[FABRIC:MT] Loaded extension Util in 52.011ms (cached)
[FABRIC:MT] Loaded extension Containers in 764.981ms (cached)
[FABRIC:MT] Loaded extension Geometry in 947.447ms (cached)
[FABRIC:MT] Loaded extension FabricOGL in 62.218ms (cached)
[FABRIC:MT] Loaded extension OpenImageIO in 27.989ms (cached)
[FABRIC:MT] Loaded extension FabricInterfaces in 26.737ms (cached)
[FABRIC:MT] Loaded extension FileIO in 89.776ms (cached)
[FABRIC:MT] Loaded extension InlineDrawing in 989.165ms (cached)
[FABRIC:MT] Loaded extension JSON in 47.451ms (cached)
[FABRIC:MT] Loaded extension Manipulation in 359.748ms (cached)
[FABRIC:MT] Loaded extension Scatter in 124.398ms (cached)
Registered function 'drawMeshScattererSpheres', 'drawMeshScattererSpheres'.
Registered function 'createEvenlySpacedBaryCoord', 'createEvenlySpacedBaryCoord'.
Registered function 'StandAloneWeightmap.StandAloneWeightmap', 'StandAloneWeightmap.StandAloneWeightmap'.
Registered function 'StandAloneWeightmap.setWeightmapSettings', 'setWeightmapSettings'.
Registered function 'StandAloneWeightmap.weightmapInit', 'weightmapInit'.
Registered function 'MeshScatterer.MeshScatterer', 'MeshScatterer.MeshScatterer'.
Skipped 'function MeshScatterer?()', double declaration, found overload with more parameters.
Registered function 'MeshScatterer.getPoints', 'getPoints'.
Registered function 'MeshScatterer.initMeshes', 'initMeshes'.
Registered function 'MeshScatterer.nuzzle', 'nuzzle'.
Registered function 'MeshScatterer.scatter', 'scatter'.
Registered function 'MeshScatterer.setDefaultSize', 'setDefaultSize'.
Registered function 'MeshScatterer.setUniformSize', 'setUniformSize'.
Registered function 'MeshScatterer.setVerbose', 'setVerbose'.
Registered function 'MeshScatterer.throwDarts', 'throwDarts'.
Registered function 'MeshScatterer.vReport', 'vReport'.
Registered function 'DartSizer.estimateDartSize', 'estimateDartSize'.
Registered function 'DartSizer.setCandidateSizes', 'setCandidateSizes'.
Registered function 'constantDartSizer.constantDartSizer', 'constantDartSizer.constantDartSizer'.
Registered function 'randomDartSizer.randomDartSizer', 'randomDartSizer.randomDartSizer'.
Registered function 'bigToSmallDartSizer.bigToSmallDartSizer', 'bigToSmallDartSizer.bigToSmallDartSizer'.
Registered function 'meshAttrSizeFilter.meshAttrSizeFilter', 'meshAttrSizeFilter.meshAttrSizeFilter'.
